<?xml version="1.0" encoding="UTF-8"?>
<testsuite xmlns:xsi="http://www.w3.org/2001/XMLSchema-instance" xsi:noNamespaceSchemaLocation="https://maven.apache.org/surefire/maven-surefire-plugin/xsd/surefire-test-report.xsd" name="com.payment.service.riskengine.SpringKafkaReceiverTest" time="82.788" tests="1" errors="0" skipped="0" failures="1">
  <properties>
    <property name="gopherProxySet" value="false"/>
    <property name="awt.toolkit" value="sun.lwawt.macosx.LWCToolkit"/>
    <property name="file.encoding.pkg" value="sun.io"/>
    <property name="java.specification.version" value="1.8"/>
    <property name="sun.cpu.isalist" value=""/>
    <property name="sun.jnu.encoding" value="UTF-8"/>
    <property name="java.class.path" value="/Users/oksanas/Documents/payment-server/riskengine/target/test-classes:/Users/oksanas/Documents/payment-server/riskengine/target/classes:/Users/oksanas/IdeaProjects/payment_repo/org/springframework/boot/spring-boot-starter/2.1.0.RELEASE/spring-boot-starter-2.1.0.RELEASE.jar:/Users/oksanas/IdeaProjects/payment_repo/org/springframework/boot/spring-boot/2.1.0.RELEASE/spring-boot-2.1.0.RELEASE.jar:/Users/oksanas/IdeaProjects/payment_repo/org/springframework/boot/spring-boot-autoconfigure/2.1.0.RELEASE/spring-boot-autoconfigure-2.1.0.RELEASE.jar:/Users/oksanas/IdeaProjects/payment_repo/org/springframework/boot/spring-boot-starter-logging/2.1.0.RELEASE/spring-boot-starter-logging-2.1.0.RELEASE.jar:/Users/oksanas/IdeaProjects/payment_repo/ch/qos/logback/logback-classic/1.2.3/logback-classic-1.2.3.jar:/Users/oksanas/IdeaProjects/payment_repo/ch/qos/logback/logback-core/1.2.3/logback-core-1.2.3.jar:/Users/oksanas/IdeaProjects/payment_repo/org/apache/logging/log4j/log4j-to-slf4j/2.11.1/log4j-to-slf4j-2.11.1.jar:/Users/oksanas/IdeaProjects/payment_repo/org/apache/logging/log4j/log4j-api/2.11.1/log4j-api-2.11.1.jar:/Users/oksanas/IdeaProjects/payment_repo/org/slf4j/jul-to-slf4j/1.7.25/jul-to-slf4j-1.7.25.jar:/Users/oksanas/IdeaProjects/payment_repo/javax/annotation/javax.annotation-api/1.3.2/javax.annotation-api-1.3.2.jar:/Users/oksanas/IdeaProjects/payment_repo/org/springframework/spring-core/5.1.2.RELEASE/spring-core-5.1.2.RELEASE.jar:/Users/oksanas/IdeaProjects/payment_repo/org/springframework/spring-jcl/5.1.2.RELEASE/spring-jcl-5.1.2.RELEASE.jar:/Users/oksanas/IdeaProjects/payment_repo/org/yaml/snakeyaml/1.23/snakeyaml-1.23.jar:/Users/oksanas/IdeaProjects/payment_repo/org/springframework/boot/spring-boot-starter-web/2.1.0.RELEASE/spring-boot-starter-web-2.1.0.RELEASE.jar:/Users/oksanas/IdeaProjects/payment_repo/org/springframework/boot/spring-boot-starter-json/2.1.0.RELEASE/spring-boot-starter-json-2.1.0.RELEASE.jar:/Users/oksanas/IdeaProjects/payment_repo/com/fasterxml/jackson/datatype/jackson-datatype-jdk8/2.9.7/jackson-datatype-jdk8-2.9.7.jar:/Users/oksanas/IdeaProjects/payment_repo/com/fasterxml/jackson/datatype/jackson-datatype-jsr310/2.9.7/jackson-datatype-jsr310-2.9.7.jar:/Users/oksanas/IdeaProjects/payment_repo/com/fasterxml/jackson/module/jackson-module-parameter-names/2.9.7/jackson-module-parameter-names-2.9.7.jar:/Users/oksanas/IdeaProjects/payment_repo/org/springframework/boot/spring-boot-starter-tomcat/2.1.0.RELEASE/spring-boot-starter-tomcat-2.1.0.RELEASE.jar:/Users/oksanas/IdeaProjects/payment_repo/org/apache/tomcat/embed/tomcat-embed-core/9.0.12/tomcat-embed-core-9.0.12.jar:/Users/oksanas/IdeaProjects/payment_repo/org/apache/tomcat/embed/tomcat-embed-el/9.0.12/tomcat-embed-el-9.0.12.jar:/Users/oksanas/IdeaProjects/payment_repo/org/apache/tomcat/embed/tomcat-embed-websocket/9.0.12/tomcat-embed-websocket-9.0.12.jar:/Users/oksanas/IdeaProjects/payment_repo/org/hibernate/validator/hibernate-validator/6.0.13.Final/hibernate-validator-6.0.13.Final.jar:/Users/oksanas/IdeaProjects/payment_repo/com/fasterxml/classmate/1.4.0/classmate-1.4.0.jar:/Users/oksanas/IdeaProjects/payment_repo/org/springframework/spring-web/5.1.2.RELEASE/spring-web-5.1.2.RELEASE.jar:/Users/oksanas/IdeaProjects/payment_repo/org/springframework/spring-beans/5.1.2.RELEASE/spring-beans-5.1.2.RELEASE.jar:/Users/oksanas/IdeaProjects/payment_repo/org/springframework/spring-webmvc/5.1.2.RELEASE/spring-webmvc-5.1.2.RELEASE.jar:/Users/oksanas/IdeaProjects/payment_repo/org/springframework/spring-aop/5.1.2.RELEASE/spring-aop-5.1.2.RELEASE.jar:/Users/oksanas/IdeaProjects/payment_repo/org/springframework/spring-expression/5.1.2.RELEASE/spring-expression-5.1.2.RELEASE.jar:/Users/oksanas/IdeaProjects/payment_repo/org/springframework/boot/spring-boot-starter-test/2.1.0.RELEASE/spring-boot-starter-test-2.1.0.RELEASE.jar:/Users/oksanas/IdeaProjects/payment_repo/org/springframework/boot/spring-boot-test/2.1.0.RELEASE/spring-boot-test-2.1.0.RELEASE.jar:/Users/oksanas/IdeaProjects/payment_repo/org/springframework/boot/spring-boot-test-autoconfigure/2.1.0.RELEASE/spring-boot-test-autoconfigure-2.1.0.RELEASE.jar:/Users/oksanas/IdeaProjects/payment_repo/com/jayway/jsonpath/json-path/2.4.0/json-path-2.4.0.jar:/Users/oksanas/IdeaProjects/payment_repo/net/minidev/json-smart/2.3/json-smart-2.3.jar:/Users/oksanas/IdeaProjects/payment_repo/net/minidev/accessors-smart/1.2/accessors-smart-1.2.jar:/Users/oksanas/IdeaProjects/payment_repo/org/ow2/asm/asm/5.0.4/asm-5.0.4.jar:/Users/oksanas/IdeaProjects/payment_repo/org/slf4j/slf4j-api/1.7.25/slf4j-api-1.7.25.jar:/Users/oksanas/IdeaProjects/payment_repo/junit/junit/4.12/junit-4.12.jar:/Users/oksanas/IdeaProjects/payment_repo/org/assertj/assertj-core/3.11.1/assertj-core-3.11.1.jar:/Users/oksanas/IdeaProjects/payment_repo/org/mockito/mockito-core/2.23.0/mockito-core-2.23.0.jar:/Users/oksanas/IdeaProjects/payment_repo/net/bytebuddy/byte-buddy-agent/1.9.3/byte-buddy-agent-1.9.3.jar:/Users/oksanas/IdeaProjects/payment_repo/org/objenesis/objenesis/2.6/objenesis-2.6.jar:/Users/oksanas/IdeaProjects/payment_repo/org/hamcrest/hamcrest-core/1.3/hamcrest-core-1.3.jar:/Users/oksanas/IdeaProjects/payment_repo/org/hamcrest/hamcrest-library/1.3/hamcrest-library-1.3.jar:/Users/oksanas/IdeaProjects/payment_repo/org/skyscreamer/jsonassert/1.5.0/jsonassert-1.5.0.jar:/Users/oksanas/IdeaProjects/payment_repo/com/vaadin/external/google/android-json/0.0.20131108.vaadin1/android-json-0.0.20131108.vaadin1.jar:/Users/oksanas/IdeaProjects/payment_repo/org/springframework/spring-test/5.1.2.RELEASE/spring-test-5.1.2.RELEASE.jar:/Users/oksanas/IdeaProjects/payment_repo/org/xmlunit/xmlunit-core/2.6.2/xmlunit-core-2.6.2.jar:/Users/oksanas/IdeaProjects/payment_repo/org/hibernate/hibernate-entitymanager/5.3.7.Final/hibernate-entitymanager-5.3.7.Final.jar:/Users/oksanas/IdeaProjects/payment_repo/org/jboss/logging/jboss-logging/3.3.2.Final/jboss-logging-3.3.2.Final.jar:/Users/oksanas/IdeaProjects/payment_repo/org/hibernate/hibernate-core/5.3.7.Final/hibernate-core-5.3.7.Final.jar:/Users/oksanas/IdeaProjects/payment_repo/org/javassist/javassist/3.23.1-GA/javassist-3.23.1-GA.jar:/Users/oksanas/IdeaProjects/payment_repo/antlr/antlr/2.7.7/antlr-2.7.7.jar:/Users/oksanas/IdeaProjects/payment_repo/org/jboss/jandex/2.0.5.Final/jandex-2.0.5.Final.jar:/Users/oksanas/IdeaProjects/payment_repo/javax/activation/javax.activation-api/1.2.0/javax.activation-api-1.2.0.jar:/Users/oksanas/IdeaProjects/payment_repo/org/dom4j/dom4j/2.1.1/dom4j-2.1.1.jar:/Users/oksanas/IdeaProjects/payment_repo/org/hibernate/common/hibernate-commons-annotations/5.0.4.Final/hibernate-commons-annotations-5.0.4.Final.jar:/Users/oksanas/IdeaProjects/payment_repo/javax/persistence/javax.persistence-api/2.2/javax.persistence-api-2.2.jar:/Users/oksanas/IdeaProjects/payment_repo/net/bytebuddy/byte-buddy/1.9.3/byte-buddy-1.9.3.jar:/Users/oksanas/IdeaProjects/payment_repo/org/jboss/spec/javax/transaction/jboss-transaction-api_1.2_spec/1.1.1.Final/jboss-transaction-api_1.2_spec-1.1.1.Final.jar:/Users/oksanas/IdeaProjects/payment_repo/org/springframework/boot/spring-boot-starter-data-jpa/2.1.0.RELEASE/spring-boot-starter-data-jpa-2.1.0.RELEASE.jar:/Users/oksanas/IdeaProjects/payment_repo/org/springframework/boot/spring-boot-starter-aop/2.1.0.RELEASE/spring-boot-starter-aop-2.1.0.RELEASE.jar:/Users/oksanas/IdeaProjects/payment_repo/org/aspectj/aspectjweaver/1.9.2/aspectjweaver-1.9.2.jar:/Users/oksanas/IdeaProjects/payment_repo/org/springframework/boot/spring-boot-starter-jdbc/2.1.0.RELEASE/spring-boot-starter-jdbc-2.1.0.RELEASE.jar:/Users/oksanas/IdeaProjects/payment_repo/com/zaxxer/HikariCP/3.2.0/HikariCP-3.2.0.jar:/Users/oksanas/IdeaProjects/payment_repo/org/springframework/spring-jdbc/5.1.2.RELEASE/spring-jdbc-5.1.2.RELEASE.jar:/Users/oksanas/IdeaProjects/payment_repo/javax/transaction/javax.transaction-api/1.3/javax.transaction-api-1.3.jar:/Users/oksanas/IdeaProjects/payment_repo/javax/xml/bind/jaxb-api/2.3.1/jaxb-api-2.3.1.jar:/Users/oksanas/IdeaProjects/payment_repo/org/springframework/data/spring-data-jpa/2.1.2.RELEASE/spring-data-jpa-2.1.2.RELEASE.jar:/Users/oksanas/IdeaProjects/payment_repo/org/springframework/data/spring-data-commons/2.1.2.RELEASE/spring-data-commons-2.1.2.RELEASE.jar:/Users/oksanas/IdeaProjects/payment_repo/org/springframework/spring-orm/5.1.2.RELEASE/spring-orm-5.1.2.RELEASE.jar:/Users/oksanas/IdeaProjects/payment_repo/org/springframework/spring-aspects/5.1.2.RELEASE/spring-aspects-5.1.2.RELEASE.jar:/Users/oksanas/IdeaProjects/payment_repo/mysql/mysql-connector-java/8.0.13/mysql-connector-java-8.0.13.jar:/Users/oksanas/IdeaProjects/payment_repo/com/fasterxml/jackson/core/jackson-databind/2.9.7/jackson-databind-2.9.7.jar:/Users/oksanas/IdeaProjects/payment_repo/com/fasterxml/jackson/core/jackson-annotations/2.9.0/jackson-annotations-2.9.0.jar:/Users/oksanas/IdeaProjects/payment_repo/com/fasterxml/jackson/core/jackson-core/2.9.7/jackson-core-2.9.7.jar:/Users/oksanas/IdeaProjects/payment_repo/org/springframework/kafka/spring-kafka/2.1.0.RELEASE/spring-kafka-2.1.0.RELEASE.jar:/Users/oksanas/IdeaProjects/payment_repo/org/springframework/spring-context/5.1.2.RELEASE/spring-context-5.1.2.RELEASE.jar:/Users/oksanas/IdeaProjects/payment_repo/org/springframework/spring-messaging/5.1.2.RELEASE/spring-messaging-5.1.2.RELEASE.jar:/Users/oksanas/IdeaProjects/payment_repo/org/springframework/spring-tx/5.1.2.RELEASE/spring-tx-5.1.2.RELEASE.jar:/Users/oksanas/IdeaProjects/payment_repo/org/springframework/retry/spring-retry/1.2.2.RELEASE/spring-retry-1.2.2.RELEASE.jar:/Users/oksanas/IdeaProjects/payment_repo/org/apache/kafka/kafka-clients/2.0.0/kafka-clients-2.0.0.jar:/Users/oksanas/IdeaProjects/payment_repo/org/lz4/lz4-java/1.4.1/lz4-java-1.4.1.jar:/Users/oksanas/IdeaProjects/payment_repo/org/xerial/snappy/snappy-java/1.1.7.1/snappy-java-1.1.7.1.jar:/Users/oksanas/IdeaProjects/payment_repo/org/springframework/kafka/spring-kafka-test/2.2.0.RELEASE/spring-kafka-test-2.2.0.RELEASE.jar:/Users/oksanas/IdeaProjects/payment_repo/org/apache/kafka/kafka-clients/2.0.0/kafka-clients-2.0.0-test.jar:/Users/oksanas/IdeaProjects/payment_repo/org/apache/kafka/kafka_2.11/2.0.0/kafka_2.11-2.0.0.jar:/Users/oksanas/IdeaProjects/payment_repo/net/sf/jopt-simple/jopt-simple/5.0.4/jopt-simple-5.0.4.jar:/Users/oksanas/IdeaProjects/payment_repo/com/yammer/metrics/metrics-core/2.2.0/metrics-core-2.2.0.jar:/Users/oksanas/IdeaProjects/payment_repo/org/scala-lang/scala-library/2.11.12/scala-library-2.11.12.jar:/Users/oksanas/IdeaProjects/payment_repo/org/scala-lang/scala-reflect/2.11.12/scala-reflect-2.11.12.jar:/Users/oksanas/IdeaProjects/payment_repo/com/typesafe/scala-logging/scala-logging_2.11/3.9.0/scala-logging_2.11-3.9.0.jar:/Users/oksanas/IdeaProjects/payment_repo/com/101tec/zkclient/0.10/zkclient-0.10.jar:/Users/oksanas/IdeaProjects/payment_repo/org/apache/zookeeper/zookeeper/3.4.13/zookeeper-3.4.13.jar:/Users/oksanas/IdeaProjects/payment_repo/org/apache/yetus/audience-annotations/0.5.0/audience-annotations-0.5.0.jar:/Users/oksanas/IdeaProjects/payment_repo/org/apache/kafka/kafka_2.11/2.0.0/kafka_2.11-2.0.0-test.jar:/Users/oksanas/IdeaProjects/payment_repo/com/payment/service/dto/payment-dto/1.0-SNAPSHOT/payment-dto-1.0-SNAPSHOT.jar:/Users/oksanas/IdeaProjects/payment_repo/javax/validation/validation-api/2.0.1.Final/validation-api-2.0.1.Final.jar:"/>
    <property name="java.vm.vendor" value="Oracle Corporation"/>
    <property name="sun.arch.data.model" value="64"/>
    <property name="java.vendor.url" value="http://java.oracle.com/"/>
    <property name="user.timezone" value=""/>
    <property name="java.vm.specification.version" value="1.8"/>
    <property name="os.name" value="Mac OS X"/>
    <property name="user.country" value="IL"/>
    <property name="sun.java.launcher" value="SUN_STANDARD"/>
    <property name="sun.boot.library.path" value="/Library/Java/JavaVirtualMachines/jdk1.8.0_161.jdk/Contents/Home/jre/lib"/>
    <property name="sun.java.command" value="/Users/oksanas/Documents/payment-server/riskengine/target/surefire/surefirebooter4232517865289464992.jar /Users/oksanas/Documents/payment-server/riskengine/target/surefire 2018-11-22T14-52-49_382-jvmRun1 surefire6796327974915786674tmp surefire_07649353745912426977tmp"/>
    <property name="surefire.test.class.path" value="/Users/oksanas/Documents/payment-server/riskengine/target/test-classes:/Users/oksanas/Documents/payment-server/riskengine/target/classes:/Users/oksanas/IdeaProjects/payment_repo/org/springframework/boot/spring-boot-starter/2.1.0.RELEASE/spring-boot-starter-2.1.0.RELEASE.jar:/Users/oksanas/IdeaProjects/payment_repo/org/springframework/boot/spring-boot/2.1.0.RELEASE/spring-boot-2.1.0.RELEASE.jar:/Users/oksanas/IdeaProjects/payment_repo/org/springframework/boot/spring-boot-autoconfigure/2.1.0.RELEASE/spring-boot-autoconfigure-2.1.0.RELEASE.jar:/Users/oksanas/IdeaProjects/payment_repo/org/springframework/boot/spring-boot-starter-logging/2.1.0.RELEASE/spring-boot-starter-logging-2.1.0.RELEASE.jar:/Users/oksanas/IdeaProjects/payment_repo/ch/qos/logback/logback-classic/1.2.3/logback-classic-1.2.3.jar:/Users/oksanas/IdeaProjects/payment_repo/ch/qos/logback/logback-core/1.2.3/logback-core-1.2.3.jar:/Users/oksanas/IdeaProjects/payment_repo/org/apache/logging/log4j/log4j-to-slf4j/2.11.1/log4j-to-slf4j-2.11.1.jar:/Users/oksanas/IdeaProjects/payment_repo/org/apache/logging/log4j/log4j-api/2.11.1/log4j-api-2.11.1.jar:/Users/oksanas/IdeaProjects/payment_repo/org/slf4j/jul-to-slf4j/1.7.25/jul-to-slf4j-1.7.25.jar:/Users/oksanas/IdeaProjects/payment_repo/javax/annotation/javax.annotation-api/1.3.2/javax.annotation-api-1.3.2.jar:/Users/oksanas/IdeaProjects/payment_repo/org/springframework/spring-core/5.1.2.RELEASE/spring-core-5.1.2.RELEASE.jar:/Users/oksanas/IdeaProjects/payment_repo/org/springframework/spring-jcl/5.1.2.RELEASE/spring-jcl-5.1.2.RELEASE.jar:/Users/oksanas/IdeaProjects/payment_repo/org/yaml/snakeyaml/1.23/snakeyaml-1.23.jar:/Users/oksanas/IdeaProjects/payment_repo/org/springframework/boot/spring-boot-starter-web/2.1.0.RELEASE/spring-boot-starter-web-2.1.0.RELEASE.jar:/Users/oksanas/IdeaProjects/payment_repo/org/springframework/boot/spring-boot-starter-json/2.1.0.RELEASE/spring-boot-starter-json-2.1.0.RELEASE.jar:/Users/oksanas/IdeaProjects/payment_repo/com/fasterxml/jackson/datatype/jackson-datatype-jdk8/2.9.7/jackson-datatype-jdk8-2.9.7.jar:/Users/oksanas/IdeaProjects/payment_repo/com/fasterxml/jackson/datatype/jackson-datatype-jsr310/2.9.7/jackson-datatype-jsr310-2.9.7.jar:/Users/oksanas/IdeaProjects/payment_repo/com/fasterxml/jackson/module/jackson-module-parameter-names/2.9.7/jackson-module-parameter-names-2.9.7.jar:/Users/oksanas/IdeaProjects/payment_repo/org/springframework/boot/spring-boot-starter-tomcat/2.1.0.RELEASE/spring-boot-starter-tomcat-2.1.0.RELEASE.jar:/Users/oksanas/IdeaProjects/payment_repo/org/apache/tomcat/embed/tomcat-embed-core/9.0.12/tomcat-embed-core-9.0.12.jar:/Users/oksanas/IdeaProjects/payment_repo/org/apache/tomcat/embed/tomcat-embed-el/9.0.12/tomcat-embed-el-9.0.12.jar:/Users/oksanas/IdeaProjects/payment_repo/org/apache/tomcat/embed/tomcat-embed-websocket/9.0.12/tomcat-embed-websocket-9.0.12.jar:/Users/oksanas/IdeaProjects/payment_repo/org/hibernate/validator/hibernate-validator/6.0.13.Final/hibernate-validator-6.0.13.Final.jar:/Users/oksanas/IdeaProjects/payment_repo/com/fasterxml/classmate/1.4.0/classmate-1.4.0.jar:/Users/oksanas/IdeaProjects/payment_repo/org/springframework/spring-web/5.1.2.RELEASE/spring-web-5.1.2.RELEASE.jar:/Users/oksanas/IdeaProjects/payment_repo/org/springframework/spring-beans/5.1.2.RELEASE/spring-beans-5.1.2.RELEASE.jar:/Users/oksanas/IdeaProjects/payment_repo/org/springframework/spring-webmvc/5.1.2.RELEASE/spring-webmvc-5.1.2.RELEASE.jar:/Users/oksanas/IdeaProjects/payment_repo/org/springframework/spring-aop/5.1.2.RELEASE/spring-aop-5.1.2.RELEASE.jar:/Users/oksanas/IdeaProjects/payment_repo/org/springframework/spring-expression/5.1.2.RELEASE/spring-expression-5.1.2.RELEASE.jar:/Users/oksanas/IdeaProjects/payment_repo/org/springframework/boot/spring-boot-starter-test/2.1.0.RELEASE/spring-boot-starter-test-2.1.0.RELEASE.jar:/Users/oksanas/IdeaProjects/payment_repo/org/springframework/boot/spring-boot-test/2.1.0.RELEASE/spring-boot-test-2.1.0.RELEASE.jar:/Users/oksanas/IdeaProjects/payment_repo/org/springframework/boot/spring-boot-test-autoconfigure/2.1.0.RELEASE/spring-boot-test-autoconfigure-2.1.0.RELEASE.jar:/Users/oksanas/IdeaProjects/payment_repo/com/jayway/jsonpath/json-path/2.4.0/json-path-2.4.0.jar:/Users/oksanas/IdeaProjects/payment_repo/net/minidev/json-smart/2.3/json-smart-2.3.jar:/Users/oksanas/IdeaProjects/payment_repo/net/minidev/accessors-smart/1.2/accessors-smart-1.2.jar:/Users/oksanas/IdeaProjects/payment_repo/org/ow2/asm/asm/5.0.4/asm-5.0.4.jar:/Users/oksanas/IdeaProjects/payment_repo/org/slf4j/slf4j-api/1.7.25/slf4j-api-1.7.25.jar:/Users/oksanas/IdeaProjects/payment_repo/junit/junit/4.12/junit-4.12.jar:/Users/oksanas/IdeaProjects/payment_repo/org/assertj/assertj-core/3.11.1/assertj-core-3.11.1.jar:/Users/oksanas/IdeaProjects/payment_repo/org/mockito/mockito-core/2.23.0/mockito-core-2.23.0.jar:/Users/oksanas/IdeaProjects/payment_repo/net/bytebuddy/byte-buddy-agent/1.9.3/byte-buddy-agent-1.9.3.jar:/Users/oksanas/IdeaProjects/payment_repo/org/objenesis/objenesis/2.6/objenesis-2.6.jar:/Users/oksanas/IdeaProjects/payment_repo/org/hamcrest/hamcrest-core/1.3/hamcrest-core-1.3.jar:/Users/oksanas/IdeaProjects/payment_repo/org/hamcrest/hamcrest-library/1.3/hamcrest-library-1.3.jar:/Users/oksanas/IdeaProjects/payment_repo/org/skyscreamer/jsonassert/1.5.0/jsonassert-1.5.0.jar:/Users/oksanas/IdeaProjects/payment_repo/com/vaadin/external/google/android-json/0.0.20131108.vaadin1/android-json-0.0.20131108.vaadin1.jar:/Users/oksanas/IdeaProjects/payment_repo/org/springframework/spring-test/5.1.2.RELEASE/spring-test-5.1.2.RELEASE.jar:/Users/oksanas/IdeaProjects/payment_repo/org/xmlunit/xmlunit-core/2.6.2/xmlunit-core-2.6.2.jar:/Users/oksanas/IdeaProjects/payment_repo/org/hibernate/hibernate-entitymanager/5.3.7.Final/hibernate-entitymanager-5.3.7.Final.jar:/Users/oksanas/IdeaProjects/payment_repo/org/jboss/logging/jboss-logging/3.3.2.Final/jboss-logging-3.3.2.Final.jar:/Users/oksanas/IdeaProjects/payment_repo/org/hibernate/hibernate-core/5.3.7.Final/hibernate-core-5.3.7.Final.jar:/Users/oksanas/IdeaProjects/payment_repo/org/javassist/javassist/3.23.1-GA/javassist-3.23.1-GA.jar:/Users/oksanas/IdeaProjects/payment_repo/antlr/antlr/2.7.7/antlr-2.7.7.jar:/Users/oksanas/IdeaProjects/payment_repo/org/jboss/jandex/2.0.5.Final/jandex-2.0.5.Final.jar:/Users/oksanas/IdeaProjects/payment_repo/javax/activation/javax.activation-api/1.2.0/javax.activation-api-1.2.0.jar:/Users/oksanas/IdeaProjects/payment_repo/org/dom4j/dom4j/2.1.1/dom4j-2.1.1.jar:/Users/oksanas/IdeaProjects/payment_repo/org/hibernate/common/hibernate-commons-annotations/5.0.4.Final/hibernate-commons-annotations-5.0.4.Final.jar:/Users/oksanas/IdeaProjects/payment_repo/javax/persistence/javax.persistence-api/2.2/javax.persistence-api-2.2.jar:/Users/oksanas/IdeaProjects/payment_repo/net/bytebuddy/byte-buddy/1.9.3/byte-buddy-1.9.3.jar:/Users/oksanas/IdeaProjects/payment_repo/org/jboss/spec/javax/transaction/jboss-transaction-api_1.2_spec/1.1.1.Final/jboss-transaction-api_1.2_spec-1.1.1.Final.jar:/Users/oksanas/IdeaProjects/payment_repo/org/springframework/boot/spring-boot-starter-data-jpa/2.1.0.RELEASE/spring-boot-starter-data-jpa-2.1.0.RELEASE.jar:/Users/oksanas/IdeaProjects/payment_repo/org/springframework/boot/spring-boot-starter-aop/2.1.0.RELEASE/spring-boot-starter-aop-2.1.0.RELEASE.jar:/Users/oksanas/IdeaProjects/payment_repo/org/aspectj/aspectjweaver/1.9.2/aspectjweaver-1.9.2.jar:/Users/oksanas/IdeaProjects/payment_repo/org/springframework/boot/spring-boot-starter-jdbc/2.1.0.RELEASE/spring-boot-starter-jdbc-2.1.0.RELEASE.jar:/Users/oksanas/IdeaProjects/payment_repo/com/zaxxer/HikariCP/3.2.0/HikariCP-3.2.0.jar:/Users/oksanas/IdeaProjects/payment_repo/org/springframework/spring-jdbc/5.1.2.RELEASE/spring-jdbc-5.1.2.RELEASE.jar:/Users/oksanas/IdeaProjects/payment_repo/javax/transaction/javax.transaction-api/1.3/javax.transaction-api-1.3.jar:/Users/oksanas/IdeaProjects/payment_repo/javax/xml/bind/jaxb-api/2.3.1/jaxb-api-2.3.1.jar:/Users/oksanas/IdeaProjects/payment_repo/org/springframework/data/spring-data-jpa/2.1.2.RELEASE/spring-data-jpa-2.1.2.RELEASE.jar:/Users/oksanas/IdeaProjects/payment_repo/org/springframework/data/spring-data-commons/2.1.2.RELEASE/spring-data-commons-2.1.2.RELEASE.jar:/Users/oksanas/IdeaProjects/payment_repo/org/springframework/spring-orm/5.1.2.RELEASE/spring-orm-5.1.2.RELEASE.jar:/Users/oksanas/IdeaProjects/payment_repo/org/springframework/spring-aspects/5.1.2.RELEASE/spring-aspects-5.1.2.RELEASE.jar:/Users/oksanas/IdeaProjects/payment_repo/mysql/mysql-connector-java/8.0.13/mysql-connector-java-8.0.13.jar:/Users/oksanas/IdeaProjects/payment_repo/com/fasterxml/jackson/core/jackson-databind/2.9.7/jackson-databind-2.9.7.jar:/Users/oksanas/IdeaProjects/payment_repo/com/fasterxml/jackson/core/jackson-annotations/2.9.0/jackson-annotations-2.9.0.jar:/Users/oksanas/IdeaProjects/payment_repo/com/fasterxml/jackson/core/jackson-core/2.9.7/jackson-core-2.9.7.jar:/Users/oksanas/IdeaProjects/payment_repo/org/springframework/kafka/spring-kafka/2.1.0.RELEASE/spring-kafka-2.1.0.RELEASE.jar:/Users/oksanas/IdeaProjects/payment_repo/org/springframework/spring-context/5.1.2.RELEASE/spring-context-5.1.2.RELEASE.jar:/Users/oksanas/IdeaProjects/payment_repo/org/springframework/spring-messaging/5.1.2.RELEASE/spring-messaging-5.1.2.RELEASE.jar:/Users/oksanas/IdeaProjects/payment_repo/org/springframework/spring-tx/5.1.2.RELEASE/spring-tx-5.1.2.RELEASE.jar:/Users/oksanas/IdeaProjects/payment_repo/org/springframework/retry/spring-retry/1.2.2.RELEASE/spring-retry-1.2.2.RELEASE.jar:/Users/oksanas/IdeaProjects/payment_repo/org/apache/kafka/kafka-clients/2.0.0/kafka-clients-2.0.0.jar:/Users/oksanas/IdeaProjects/payment_repo/org/lz4/lz4-java/1.4.1/lz4-java-1.4.1.jar:/Users/oksanas/IdeaProjects/payment_repo/org/xerial/snappy/snappy-java/1.1.7.1/snappy-java-1.1.7.1.jar:/Users/oksanas/IdeaProjects/payment_repo/org/springframework/kafka/spring-kafka-test/2.2.0.RELEASE/spring-kafka-test-2.2.0.RELEASE.jar:/Users/oksanas/IdeaProjects/payment_repo/org/apache/kafka/kafka-clients/2.0.0/kafka-clients-2.0.0-test.jar:/Users/oksanas/IdeaProjects/payment_repo/org/apache/kafka/kafka_2.11/2.0.0/kafka_2.11-2.0.0.jar:/Users/oksanas/IdeaProjects/payment_repo/net/sf/jopt-simple/jopt-simple/5.0.4/jopt-simple-5.0.4.jar:/Users/oksanas/IdeaProjects/payment_repo/com/yammer/metrics/metrics-core/2.2.0/metrics-core-2.2.0.jar:/Users/oksanas/IdeaProjects/payment_repo/org/scala-lang/scala-library/2.11.12/scala-library-2.11.12.jar:/Users/oksanas/IdeaProjects/payment_repo/org/scala-lang/scala-reflect/2.11.12/scala-reflect-2.11.12.jar:/Users/oksanas/IdeaProjects/payment_repo/com/typesafe/scala-logging/scala-logging_2.11/3.9.0/scala-logging_2.11-3.9.0.jar:/Users/oksanas/IdeaProjects/payment_repo/com/101tec/zkclient/0.10/zkclient-0.10.jar:/Users/oksanas/IdeaProjects/payment_repo/org/apache/zookeeper/zookeeper/3.4.13/zookeeper-3.4.13.jar:/Users/oksanas/IdeaProjects/payment_repo/org/apache/yetus/audience-annotations/0.5.0/audience-annotations-0.5.0.jar:/Users/oksanas/IdeaProjects/payment_repo/org/apache/kafka/kafka_2.11/2.0.0/kafka_2.11-2.0.0-test.jar:/Users/oksanas/IdeaProjects/payment_repo/com/payment/service/dto/payment-dto/1.0-SNAPSHOT/payment-dto-1.0-SNAPSHOT.jar:/Users/oksanas/IdeaProjects/payment_repo/javax/validation/validation-api/2.0.1.Final/validation-api-2.0.1.Final.jar:"/>
    <property name="sun.cpu.endian" value="little"/>
    <property name="user.home" value="/Users/oksanas"/>
    <property name="user.language" value="en"/>
    <property name="java.specification.vendor" value="Oracle Corporation"/>
    <property name="java.home" value="/Library/Java/JavaVirtualMachines/jdk1.8.0_161.jdk/Contents/Home/jre"/>
    <property name="basedir" value="/Users/oksanas/Documents/payment-server/riskengine"/>
    <property name="file.separator" value="/"/>
    <property name="line.separator" value="&#10;"/>
    <property name="java.vm.specification.vendor" value="Oracle Corporation"/>
    <property name="java.specification.name" value="Java Platform API Specification"/>
    <property name="java.awt.graphicsenv" value="sun.awt.CGraphicsEnvironment"/>
    <property name="surefire.real.class.path" value="/Users/oksanas/Documents/payment-server/riskengine/target/surefire/surefirebooter4232517865289464992.jar"/>
    <property name="sun.boot.class.path" value="/Library/Java/JavaVirtualMachines/jdk1.8.0_161.jdk/Contents/Home/jre/lib/resources.jar:/Library/Java/JavaVirtualMachines/jdk1.8.0_161.jdk/Contents/Home/jre/lib/rt.jar:/Library/Java/JavaVirtualMachines/jdk1.8.0_161.jdk/Contents/Home/jre/lib/sunrsasign.jar:/Library/Java/JavaVirtualMachines/jdk1.8.0_161.jdk/Contents/Home/jre/lib/jsse.jar:/Library/Java/JavaVirtualMachines/jdk1.8.0_161.jdk/Contents/Home/jre/lib/jce.jar:/Library/Java/JavaVirtualMachines/jdk1.8.0_161.jdk/Contents/Home/jre/lib/charsets.jar:/Library/Java/JavaVirtualMachines/jdk1.8.0_161.jdk/Contents/Home/jre/lib/jfr.jar:/Library/Java/JavaVirtualMachines/jdk1.8.0_161.jdk/Contents/Home/jre/classes"/>
    <property name="sun.management.compiler" value="HotSpot 64-Bit Tiered Compilers"/>
    <property name="java.runtime.version" value="1.8.0_161-b12"/>
    <property name="user.name" value="oksanas"/>
    <property name="path.separator" value=":"/>
    <property name="os.version" value="10.12.6"/>
    <property name="java.endorsed.dirs" value="/Library/Java/JavaVirtualMachines/jdk1.8.0_161.jdk/Contents/Home/jre/lib/endorsed"/>
    <property name="java.runtime.name" value="Java(TM) SE Runtime Environment"/>
    <property name="file.encoding" value="UTF-8"/>
    <property name="java.vm.name" value="Java HotSpot(TM) 64-Bit Server VM"/>
    <property name="localRepository" value="/Users/oksanas/IdeaProjects/payment_repo"/>
    <property name="java.vendor.url.bug" value="http://bugreport.sun.com/bugreport/"/>
    <property name="java.io.tmpdir" value="/var/folders/nb/yq563y516hjb3220yb4zmdhm0000gn/T/"/>
    <property name="idea.version" value="2017.3.4"/>
    <property name="java.version" value="1.8.0_161"/>
    <property name="user.dir" value="/Users/oksanas/Documents/payment-server/riskengine"/>
    <property name="os.arch" value="x86_64"/>
    <property name="java.vm.specification.name" value="Java Virtual Machine Specification"/>
    <property name="java.awt.printerjob" value="sun.lwawt.macosx.CPrinterJob"/>
    <property name="sun.os.patch.level" value="unknown"/>
    <property name="java.library.path" value="/Users/oksanas/Library/Java/Extensions:/Library/Java/Extensions:/Network/Library/Java/Extensions:/System/Library/Java/Extensions:/usr/lib/java:."/>
    <property name="java.vm.info" value="mixed mode"/>
    <property name="java.vendor" value="Oracle Corporation"/>
    <property name="java.vm.version" value="25.161-b12"/>
    <property name="java.ext.dirs" value="/Users/oksanas/Library/Java/Extensions:/Library/Java/JavaVirtualMachines/jdk1.8.0_161.jdk/Contents/Home/jre/lib/ext:/Library/Java/Extensions:/Network/Library/Java/Extensions:/System/Library/Java/Extensions:/usr/lib/java"/>
    <property name="sun.io.unicode.encoding" value="UnicodeBig"/>
    <property name="maven.repo.local" value="/Users/oksanas/IdeaProjects/payment_repo"/>
    <property name="java.class.version" value="52.0"/>
  </properties>
  <testcase name="testReceive" classname="com.payment.service.riskengine.SpringKafkaReceiverTest" time="62.552">
    <failure message="expected:&lt;[2]&gt; but was:&lt;[1]&gt;" type="org.junit.ComparisonFailure"><![CDATA[org.junit.ComparisonFailure: expected:<[2]> but was:<[1]>
	at com.payment.service.riskengine.SpringKafkaReceiverTest.setUp(SpringKafkaReceiverTest.java:67)
]]></failure>
    <system-out><![CDATA[14:53:01.376 [main] WARN  k.server.BrokerMetadataCheckpoint - No meta.properties file under dir /var/folders/nb/yq563y516hjb3220yb4zmdhm0000gn/T/kafka-5695563199228002816/meta.properties
14:53:01.818 [main] WARN  k.server.BrokerMetadataCheckpoint - No meta.properties file under dir /var/folders/nb/yq563y516hjb3220yb4zmdhm0000gn/T/kafka-5695563199228002816/meta.properties

  .   ____          _            __ _ _
 /\\ / ___'_ __ _ _(_)_ __  __ _ \ \ \ \
( ( )\___ | '_ | '_| | '_ \/ _` | \ \ \ \
 \\/  ___)| |_)| | | | | || (_| |  ) ) ) )
  '  |____| .__|_| |_|_| |_\__, | / / / /
 =========|_|==============|___/=/_/_/_/
 :: Spring Boot ::        (v2.1.0.RELEASE)

14:53:02.428 [main] INFO  c.p.s.r.SpringKafkaReceiverTest - Starting SpringKafkaReceiverTest on oksanas-mac with PID 26006 (started by oksanas in /Users/oksanas/Documents/payment-server/riskengine)
14:53:02.429 [main] INFO  c.p.s.r.SpringKafkaReceiverTest - No active profile set, falling back to default profiles: default
14:53:07.981 [main] INFO  c.p.s.r.SpringKafkaReceiverTest - Started SpringKafkaReceiverTest in 5.76 seconds (JVM running for 17.287)
]]></system-out>
  </testcase>
</testsuite>